WARNING:py.warnings:C:\Users\Skiv2\AppData\Local\Temp\ipykernel_9064\2126971332.py:1: SettingWithCopyWarning: 
A value is trying to be set on a copy of a slice from a DataFrame.
Try using .loc[row_indexer,col_indexer] = value instead

See the caveats in the documentation: https://pandas.pydata.org/pandas-docs/stable/user_guide/indexing.html#returning-a-view-versus-a-copy
  special_data['new_index'] = special_data.Price

WARNING:py.warnings:C:\Users\Skiv2\AppData\Local\Temp\ipykernel_9064\2126971332.py:2: SettingWithCopyWarning: 
A value is trying to be set on a copy of a slice from a DataFrame.
Try using .loc[row_indexer,col_indexer] = value instead

See the caveats in the documentation: https://pandas.pydata.org/pandas-docs/stable/user_guide/indexing.html#returning-a-view-versus-a-copy
  special_data['new_date'] = special_data.Price

WARNING:py.warnings:C:\Users\Skiv2\AppData\Local\Temp\ipykernel_9064\3138587451.py:3: SettingWithCopyWarning: 
A value is trying to be set on a copy of a slice from a DataFrame

See the caveats in the documentation: https://pandas.pydata.org/pandas-docs/stable/user_guide/indexing.html#returning-a-view-versus-a-copy
  special_data.new_index[0] = 1262563200

WARNING:py.warnings:C:\Users\Skiv2\AppData\Local\Temp\ipykernel_9064\3138587451.py:4: SettingWithCopyWarning: 
A value is trying to be set on a copy of a slice from a DataFrame

See the caveats in the documentation: https://pandas.pydata.org/pandas-docs/stable/user_guide/indexing.html#returning-a-view-versus-a-copy
  special_data.new_date[0] = datetime.datetime.fromtimestamp(special_data.new_index[0]).strftime('%Y-%m-%d %H:%M:%S')

WARNING:py.warnings:C:\Users\Skiv2\AppData\Local\Temp\ipykernel_9064\3138587451.py:7: SettingWithCopyWarning: 
A value is trying to be set on a copy of a slice from a DataFrame

See the caveats in the documentation: https://pandas.pydata.org/pandas-docs/stable/user_guide/indexing.html#returning-a-view-versus-a-copy
  special_data.new_index[i] = special_data.new_index[i - 1] + 86400

WARNING:py.warnings:C:\Users\Skiv2\AppData\Local\Temp\ipykernel_9064\3138587451.py:8: SettingWithCopyWarning: 
A value is trying to be set on a copy of a slice from a DataFrame

See the caveats in the documentation: https://pandas.pydata.org/pandas-docs/stable/user_guide/indexing.html#returning-a-view-versus-a-copy
  special_data.new_date[i] = datetime.datetime.fromtimestamp(special_data.new_index[i]).strftime('%Y-%m-%d %H:%M:%S')

WARNING:py.warnings:C:\Users\Skiv2\AppData\Roaming\Python\Python38\site-packages\statsmodels\graphics\tsaplots.py:348: FutureWarning: The default method 'yw' can produce PACF values outside of the [-1,1] interval. After 0.13, the default will change tounadjusted Yule-Walker ('ywm'). You can use this method now by setting method='ywm'.
  warnings.warn(

WARNING:py.warnings:C:\Users\Skiv2\AppData\Roaming\Python\Python38\site-packages\statsmodels\tsa\base\tsa_model.py:471: ValueWarning: No frequency information was provided, so inferred frequency D will be used.
  self._init_dates(dates, freq)

WARNING:py.warnings:C:\Users\Skiv2\AppData\Roaming\Python\Python38\site-packages\statsmodels\tsa\deterministic.py:302: UserWarning: Only PeriodIndexes, DatetimeIndexes with a frequency set, RangesIndexes, and Index with a unit increment support extending. The index is set will contain the position relative to the data length.
  fcast_index = self._extend_index(index, steps, forecast_index)

WARNING:py.warnings:C:\Users\Skiv2\AppData\Local\Temp\ipykernel_11932\2126971332.py:1: SettingWithCopyWarning: 
A value is trying to be set on a copy of a slice from a DataFrame.
Try using .loc[row_indexer,col_indexer] = value instead

See the caveats in the documentation: https://pandas.pydata.org/pandas-docs/stable/user_guide/indexing.html#returning-a-view-versus-a-copy
  special_data['new_index'] = special_data.Price

WARNING:py.warnings:C:\Users\Skiv2\AppData\Local\Temp\ipykernel_11932\2126971332.py:2: SettingWithCopyWarning: 
A value is trying to be set on a copy of a slice from a DataFrame.
Try using .loc[row_indexer,col_indexer] = value instead

See the caveats in the documentation: https://pandas.pydata.org/pandas-docs/stable/user_guide/indexing.html#returning-a-view-versus-a-copy
  special_data['new_date'] = special_data.Price

WARNING:py.warnings:C:\Users\Skiv2\AppData\Local\Temp\ipykernel_11932\3138587451.py:3: SettingWithCopyWarning: 
A value is trying to be set on a copy of a slice from a DataFrame

See the caveats in the documentation: https://pandas.pydata.org/pandas-docs/stable/user_guide/indexing.html#returning-a-view-versus-a-copy
  special_data.new_index[0] = 1262563200

WARNING:py.warnings:C:\Users\Skiv2\AppData\Local\Temp\ipykernel_11932\3138587451.py:4: SettingWithCopyWarning: 
A value is trying to be set on a copy of a slice from a DataFrame

See the caveats in the documentation: https://pandas.pydata.org/pandas-docs/stable/user_guide/indexing.html#returning-a-view-versus-a-copy
  special_data.new_date[0] = datetime.datetime.fromtimestamp(special_data.new_index[0]).strftime('%Y-%m-%d %H:%M:%S')

WARNING:py.warnings:C:\Users\Skiv2\AppData\Local\Temp\ipykernel_11932\3138587451.py:7: SettingWithCopyWarning: 
A value is trying to be set on a copy of a slice from a DataFrame

See the caveats in the documentation: https://pandas.pydata.org/pandas-docs/stable/user_guide/indexing.html#returning-a-view-versus-a-copy
  special_data.new_index[i] = special_data.new_index[i - 1] + 86400

WARNING:py.warnings:C:\Users\Skiv2\AppData\Local\Temp\ipykernel_11932\3138587451.py:8: SettingWithCopyWarning: 
A value is trying to be set on a copy of a slice from a DataFrame

See the caveats in the documentation: https://pandas.pydata.org/pandas-docs/stable/user_guide/indexing.html#returning-a-view-versus-a-copy
  special_data.new_date[i] = datetime.datetime.fromtimestamp(special_data.new_index[i]).strftime('%Y-%m-%d %H:%M:%S')

WARNING:py.warnings:C:\Users\Skiv2\AppData\Roaming\Python\Python38\site-packages\statsmodels\graphics\tsaplots.py:348: FutureWarning: The default method 'yw' can produce PACF values outside of the [-1,1] interval. After 0.13, the default will change tounadjusted Yule-Walker ('ywm'). You can use this method now by setting method='ywm'.
  warnings.warn(

WARNING:py.warnings:C:\Users\Skiv2\AppData\Roaming\Python\Python38\site-packages\statsmodels\graphics\tsaplots.py:348: FutureWarning: The default method 'yw' can produce PACF values outside of the [-1,1] interval. After 0.13, the default will change tounadjusted Yule-Walker ('ywm'). You can use this method now by setting method='ywm'.
  warnings.warn(

WARNING:py.warnings:C:\Users\Skiv2\AppData\Local\Temp\ipykernel_13684\2126971332.py:1: SettingWithCopyWarning: 
A value is trying to be set on a copy of a slice from a DataFrame.
Try using .loc[row_indexer,col_indexer] = value instead

See the caveats in the documentation: https://pandas.pydata.org/pandas-docs/stable/user_guide/indexing.html#returning-a-view-versus-a-copy
  special_data['new_index'] = special_data.Price

WARNING:py.warnings:C:\Users\Skiv2\AppData\Local\Temp\ipykernel_13684\2126971332.py:2: SettingWithCopyWarning: 
A value is trying to be set on a copy of a slice from a DataFrame.
Try using .loc[row_indexer,col_indexer] = value instead

See the caveats in the documentation: https://pandas.pydata.org/pandas-docs/stable/user_guide/indexing.html#returning-a-view-versus-a-copy
  special_data['new_date'] = special_data.Price

WARNING:py.warnings:C:\Users\Skiv2\AppData\Local\Temp\ipykernel_13684\3138587451.py:3: SettingWithCopyWarning: 
A value is trying to be set on a copy of a slice from a DataFrame

See the caveats in the documentation: https://pandas.pydata.org/pandas-docs/stable/user_guide/indexing.html#returning-a-view-versus-a-copy
  special_data.new_index[0] = 1262563200

WARNING:py.warnings:C:\Users\Skiv2\AppData\Local\Temp\ipykernel_13684\3138587451.py:4: SettingWithCopyWarning: 
A value is trying to be set on a copy of a slice from a DataFrame

See the caveats in the documentation: https://pandas.pydata.org/pandas-docs/stable/user_guide/indexing.html#returning-a-view-versus-a-copy
  special_data.new_date[0] = datetime.datetime.fromtimestamp(special_data.new_index[0]).strftime('%Y-%m-%d %H:%M:%S')

WARNING:py.warnings:C:\Users\Skiv2\AppData\Local\Temp\ipykernel_13684\3138587451.py:7: SettingWithCopyWarning: 
A value is trying to be set on a copy of a slice from a DataFrame

See the caveats in the documentation: https://pandas.pydata.org/pandas-docs/stable/user_guide/indexing.html#returning-a-view-versus-a-copy
  special_data.new_index[i] = special_data.new_index[i - 1] + 86400

WARNING:py.warnings:C:\Users\Skiv2\AppData\Local\Temp\ipykernel_13684\3138587451.py:8: SettingWithCopyWarning: 
A value is trying to be set on a copy of a slice from a DataFrame

See the caveats in the documentation: https://pandas.pydata.org/pandas-docs/stable/user_guide/indexing.html#returning-a-view-versus-a-copy
  special_data.new_date[i] = datetime.datetime.fromtimestamp(special_data.new_index[i]).strftime('%Y-%m-%d %H:%M:%S')

WARNING:py.warnings:C:\Users\Skiv2\AppData\Roaming\Python\Python38\site-packages\statsmodels\graphics\tsaplots.py:348: FutureWarning: The default method 'yw' can produce PACF values outside of the [-1,1] interval. After 0.13, the default will change tounadjusted Yule-Walker ('ywm'). You can use this method now by setting method='ywm'.
  warnings.warn(

WARNING:py.warnings:C:\Users\Skiv2\AppData\Roaming\Python\Python38\site-packages\statsmodels\graphics\tsaplots.py:348: FutureWarning: The default method 'yw' can produce PACF values outside of the [-1,1] interval. After 0.13, the default will change tounadjusted Yule-Walker ('ywm'). You can use this method now by setting method='ywm'.
  warnings.warn(

WARNING:py.warnings:C:\Users\Skiv2\AppData\Roaming\Python\Python38\site-packages\statsmodels\tsa\base\tsa_model.py:471: ValueWarning: No frequency information was provided, so inferred frequency D will be used.
  self._init_dates(dates, freq)

WARNING:py.warnings:C:\Users\Skiv2\AppData\Roaming\Python\Python38\site-packages\statsmodels\tsa\deterministic.py:302: UserWarning: Only PeriodIndexes, DatetimeIndexes with a frequency set, RangesIndexes, and Index with a unit increment support extending. The index is set will contain the position relative to the data length.
  fcast_index = self._extend_index(index, steps, forecast_index)

WARNING:py.warnings:C:\Users\Skiv2\AppData\Roaming\Python\Python38\site-packages\statsmodels\graphics\tsaplots.py:348: FutureWarning: The default method 'yw' can produce PACF values outside of the [-1,1] interval. After 0.13, the default will change tounadjusted Yule-Walker ('ywm'). You can use this method now by setting method='ywm'.
  warnings.warn(

WARNING:py.warnings:C:\Users\Skiv2\AppData\Roaming\Python\Python38\site-packages\statsmodels\tsa\base\tsa_model.py:471: ValueWarning: No frequency information was provided, so inferred frequency D will be used.
  self._init_dates(dates, freq)

WARNING:py.warnings:C:\Users\Skiv2\AppData\Roaming\Python\Python38\site-packages\statsmodels\tsa\deterministic.py:302: UserWarning: Only PeriodIndexes, DatetimeIndexes with a frequency set, RangesIndexes, and Index with a unit increment support extending. The index is set will contain the position relative to the data length.
  fcast_index = self._extend_index(index, steps, forecast_index)

WARNING:py.warnings:C:\Users\Skiv2\AppData\Roaming\Python\Python38\site-packages\statsmodels\tsa\deterministic.py:302: UserWarning: Only PeriodIndexes, DatetimeIndexes with a frequency set, RangesIndexes, and Index with a unit increment support extending. The index is set will contain the position relative to the data length.
  fcast_index = self._extend_index(index, steps, forecast_index)

WARNING:py.warnings:C:\Users\Skiv2\AppData\Local\Temp\ipykernel_28572\2126971332.py:1: SettingWithCopyWarning: 
A value is trying to be set on a copy of a slice from a DataFrame.
Try using .loc[row_indexer,col_indexer] = value instead

See the caveats in the documentation: https://pandas.pydata.org/pandas-docs/stable/user_guide/indexing.html#returning-a-view-versus-a-copy
  special_data['new_index'] = special_data.Price

WARNING:py.warnings:C:\Users\Skiv2\AppData\Local\Temp\ipykernel_28572\2126971332.py:2: SettingWithCopyWarning: 
A value is trying to be set on a copy of a slice from a DataFrame.
Try using .loc[row_indexer,col_indexer] = value instead

See the caveats in the documentation: https://pandas.pydata.org/pandas-docs/stable/user_guide/indexing.html#returning-a-view-versus-a-copy
  special_data['new_date'] = special_data.Price

WARNING:py.warnings:C:\Users\Skiv2\AppData\Local\Temp\ipykernel_28572\3138587451.py:3: SettingWithCopyWarning: 
A value is trying to be set on a copy of a slice from a DataFrame

See the caveats in the documentation: https://pandas.pydata.org/pandas-docs/stable/user_guide/indexing.html#returning-a-view-versus-a-copy
  special_data.new_index[0] = 1262563200

WARNING:py.warnings:C:\Users\Skiv2\AppData\Local\Temp\ipykernel_28572\3138587451.py:4: SettingWithCopyWarning: 
A value is trying to be set on a copy of a slice from a DataFrame

See the caveats in the documentation: https://pandas.pydata.org/pandas-docs/stable/user_guide/indexing.html#returning-a-view-versus-a-copy
  special_data.new_date[0] = datetime.datetime.fromtimestamp(special_data.new_index[0]).strftime('%Y-%m-%d %H:%M:%S')

WARNING:py.warnings:C:\Users\Skiv2\AppData\Local\Temp\ipykernel_28572\3138587451.py:7: SettingWithCopyWarning: 
A value is trying to be set on a copy of a slice from a DataFrame

See the caveats in the documentation: https://pandas.pydata.org/pandas-docs/stable/user_guide/indexing.html#returning-a-view-versus-a-copy
  special_data.new_index[i] = special_data.new_index[i - 1] + 86400

WARNING:py.warnings:C:\Users\Skiv2\AppData\Local\Temp\ipykernel_28572\3138587451.py:8: SettingWithCopyWarning: 
A value is trying to be set on a copy of a slice from a DataFrame

See the caveats in the documentation: https://pandas.pydata.org/pandas-docs/stable/user_guide/indexing.html#returning-a-view-versus-a-copy
  special_data.new_date[i] = datetime.datetime.fromtimestamp(special_data.new_index[i]).strftime('%Y-%m-%d %H:%M:%S')

WARNING:py.warnings:C:\Users\Skiv2\AppData\Roaming\Python\Python38\site-packages\statsmodels\graphics\tsaplots.py:348: FutureWarning: The default method 'yw' can produce PACF values outside of the [-1,1] interval. After 0.13, the default will change tounadjusted Yule-Walker ('ywm'). You can use this method now by setting method='ywm'.
  warnings.warn(

WARNING:py.warnings:C:\Users\Skiv2\AppData\Roaming\Python\Python38\site-packages\statsmodels\graphics\tsaplots.py:348: FutureWarning: The default method 'yw' can produce PACF values outside of the [-1,1] interval. After 0.13, the default will change tounadjusted Yule-Walker ('ywm'). You can use this method now by setting method='ywm'.
  warnings.warn(

WARNING:py.warnings:C:\Users\Skiv2\AppData\Roaming\Python\Python38\site-packages\statsmodels\tsa\base\tsa_model.py:471: ValueWarning: No frequency information was provided, so inferred frequency D will be used.
  self._init_dates(dates, freq)

WARNING:py.warnings:C:\Users\Skiv2\AppData\Roaming\Python\Python38\site-packages\statsmodels\tsa\base\tsa_model.py:471: ValueWarning: No frequency information was provided, so inferred frequency D will be used.
  self._init_dates(dates, freq)

WARNING:py.warnings:C:\Users\Skiv2\AppData\Roaming\Python\Python38\site-packages\statsmodels\tsa\base\tsa_model.py:471: ValueWarning: No frequency information was provided, so inferred frequency D will be used.
  self._init_dates(dates, freq)

WARNING:py.warnings:C:\Users\Skiv2\AppData\Roaming\Python\Python38\site-packages\statsmodels\tsa\base\tsa_model.py:471: ValueWarning: No frequency information was provided, so inferred frequency D will be used.
  self._init_dates(dates, freq)

WARNING:py.warnings:C:\Users\Skiv2\AppData\Roaming\Python\Python38\site-packages\statsmodels\tsa\base\tsa_model.py:471: ValueWarning: No frequency information was provided, so inferred frequency D will be used.
  self._init_dates(dates, freq)

WARNING:py.warnings:C:\Users\Skiv2\AppData\Roaming\Python\Python38\site-packages\statsmodels\tsa\base\tsa_model.py:471: ValueWarning: No frequency information was provided, so inferred frequency D will be used.
  self._init_dates(dates, freq)

WARNING:py.warnings:C:\Users\Skiv2\AppData\Roaming\Python\Python38\site-packages\statsmodels\tsa\base\tsa_model.py:471: ValueWarning: No frequency information was provided, so inferred frequency D will be used.
  self._init_dates(dates, freq)

WARNING:py.warnings:C:\Users\Skiv2\AppData\Roaming\Python\Python38\site-packages\statsmodels\tsa\base\tsa_model.py:471: ValueWarning: No frequency information was provided, so inferred frequency D will be used.
  self._init_dates(dates, freq)

WARNING:py.warnings:C:\Users\Skiv2\AppData\Roaming\Python\Python38\site-packages\statsmodels\tsa\base\tsa_model.py:471: ValueWarning: No frequency information was provided, so inferred frequency D will be used.
  self._init_dates(dates, freq)

WARNING:py.warnings:C:\Users\Skiv2\AppData\Roaming\Python\Python38\site-packages\statsmodels\tsa\base\tsa_model.py:471: ValueWarning: No frequency information was provided, so inferred frequency D will be used.
  self._init_dates(dates, freq)

WARNING:py.warnings:C:\Users\Skiv2\AppData\Roaming\Python\Python38\site-packages\statsmodels\tsa\base\tsa_model.py:471: ValueWarning: No frequency information was provided, so inferred frequency D will be used.
  self._init_dates(dates, freq)

WARNING:py.warnings:C:\Users\Skiv2\AppData\Roaming\Python\Python38\site-packages\statsmodels\tsa\base\tsa_model.py:471: ValueWarning: No frequency information was provided, so inferred frequency D will be used.
  self._init_dates(dates, freq)

WARNING:py.warnings:C:\Users\Skiv2\AppData\Roaming\Python\Python38\site-packages\statsmodels\tsa\base\tsa_model.py:471: ValueWarning: No frequency information was provided, so inferred frequency D will be used.
  self._init_dates(dates, freq)

WARNING:py.warnings:C:\Users\Skiv2\AppData\Roaming\Python\Python38\site-packages\statsmodels\tsa\base\tsa_model.py:471: ValueWarning: No frequency information was provided, so inferred frequency D will be used.
  self._init_dates(dates, freq)

WARNING:py.warnings:C:\Users\Skiv2\AppData\Roaming\Python\Python38\site-packages\statsmodels\tsa\base\tsa_model.py:471: ValueWarning: No frequency information was provided, so inferred frequency D will be used.
  self._init_dates(dates, freq)

WARNING:py.warnings:C:\Users\Skiv2\AppData\Roaming\Python\Python38\site-packages\statsmodels\tsa\base\tsa_model.py:471: ValueWarning: No frequency information was provided, so inferred frequency D will be used.
  self._init_dates(dates, freq)

WARNING:py.warnings:C:\Users\Skiv2\AppData\Roaming\Python\Python38\site-packages\statsmodels\tsa\base\tsa_model.py:471: ValueWarning: No frequency information was provided, so inferred frequency D will be used.
  self._init_dates(dates, freq)

WARNING:py.warnings:C:\Users\Skiv2\AppData\Roaming\Python\Python38\site-packages\statsmodels\tsa\base\tsa_model.py:471: ValueWarning: No frequency information was provided, so inferred frequency D will be used.
  self._init_dates(dates, freq)

WARNING:py.warnings:C:\Users\Skiv2\AppData\Local\Temp\ipykernel_12832\2126971332.py:1: SettingWithCopyWarning: 
A value is trying to be set on a copy of a slice from a DataFrame.
Try using .loc[row_indexer,col_indexer] = value instead

See the caveats in the documentation: https://pandas.pydata.org/pandas-docs/stable/user_guide/indexing.html#returning-a-view-versus-a-copy
  special_data['new_index'] = special_data.Price

WARNING:py.warnings:C:\Users\Skiv2\AppData\Local\Temp\ipykernel_12832\2126971332.py:2: SettingWithCopyWarning: 
A value is trying to be set on a copy of a slice from a DataFrame.
Try using .loc[row_indexer,col_indexer] = value instead

See the caveats in the documentation: https://pandas.pydata.org/pandas-docs/stable/user_guide/indexing.html#returning-a-view-versus-a-copy
  special_data['new_date'] = special_data.Price

WARNING:py.warnings:C:\Users\Skiv2\AppData\Local\Temp\ipykernel_12832\3138587451.py:3: SettingWithCopyWarning: 
A value is trying to be set on a copy of a slice from a DataFrame

See the caveats in the documentation: https://pandas.pydata.org/pandas-docs/stable/user_guide/indexing.html#returning-a-view-versus-a-copy
  special_data.new_index[0] = 1262563200

WARNING:py.warnings:C:\Users\Skiv2\AppData\Local\Temp\ipykernel_12832\3138587451.py:4: SettingWithCopyWarning: 
A value is trying to be set on a copy of a slice from a DataFrame

See the caveats in the documentation: https://pandas.pydata.org/pandas-docs/stable/user_guide/indexing.html#returning-a-view-versus-a-copy
  special_data.new_date[0] = datetime.datetime.fromtimestamp(special_data.new_index[0]).strftime('%Y-%m-%d %H:%M:%S')

WARNING:py.warnings:C:\Users\Skiv2\AppData\Local\Temp\ipykernel_12832\3138587451.py:7: SettingWithCopyWarning: 
A value is trying to be set on a copy of a slice from a DataFrame

See the caveats in the documentation: https://pandas.pydata.org/pandas-docs/stable/user_guide/indexing.html#returning-a-view-versus-a-copy
  special_data.new_index[i] = special_data.new_index[i - 1] + 86400

WARNING:py.warnings:C:\Users\Skiv2\AppData\Local\Temp\ipykernel_12832\3138587451.py:8: SettingWithCopyWarning: 
A value is trying to be set on a copy of a slice from a DataFrame

See the caveats in the documentation: https://pandas.pydata.org/pandas-docs/stable/user_guide/indexing.html#returning-a-view-versus-a-copy
  special_data.new_date[i] = datetime.datetime.fromtimestamp(special_data.new_index[i]).strftime('%Y-%m-%d %H:%M:%S')

WARNING:py.warnings:C:\Users\Skiv2\AppData\Roaming\Python\Python38\site-packages\statsmodels\graphics\tsaplots.py:348: FutureWarning: The default method 'yw' can produce PACF values outside of the [-1,1] interval. After 0.13, the default will change tounadjusted Yule-Walker ('ywm'). You can use this method now by setting method='ywm'.
  warnings.warn(

WARNING:py.warnings:C:\Users\Skiv2\AppData\Roaming\Python\Python38\site-packages\statsmodels\graphics\tsaplots.py:348: FutureWarning: The default method 'yw' can produce PACF values outside of the [-1,1] interval. After 0.13, the default will change tounadjusted Yule-Walker ('ywm'). You can use this method now by setting method='ywm'.
  warnings.warn(

WARNING:py.warnings:C:\Users\Skiv2\AppData\Roaming\Python\Python38\site-packages\statsmodels\tsa\base\tsa_model.py:471: ValueWarning: No frequency information was provided, so inferred frequency D will be used.
  self._init_dates(dates, freq)

WARNING:py.warnings:C:\Users\Skiv2\AppData\Roaming\Python\Python38\site-packages\statsmodels\tsa\deterministic.py:302: UserWarning: Only PeriodIndexes, DatetimeIndexes with a frequency set, RangesIndexes, and Index with a unit increment support extending. The index is set will contain the position relative to the data length.
  fcast_index = self._extend_index(index, steps, forecast_index)

WARNING:py.warnings:C:\Users\Skiv2\AppData\Local\Temp\ipykernel_29756\2126971332.py:1: SettingWithCopyWarning: 
A value is trying to be set on a copy of a slice from a DataFrame.
Try using .loc[row_indexer,col_indexer] = value instead

See the caveats in the documentation: https://pandas.pydata.org/pandas-docs/stable/user_guide/indexing.html#returning-a-view-versus-a-copy
  special_data['new_index'] = special_data.Price

WARNING:py.warnings:C:\Users\Skiv2\AppData\Local\Temp\ipykernel_29756\2126971332.py:2: SettingWithCopyWarning: 
A value is trying to be set on a copy of a slice from a DataFrame.
Try using .loc[row_indexer,col_indexer] = value instead

See the caveats in the documentation: https://pandas.pydata.org/pandas-docs/stable/user_guide/indexing.html#returning-a-view-versus-a-copy
  special_data['new_date'] = special_data.Price

WARNING:py.warnings:C:\Users\Skiv2\AppData\Local\Temp\ipykernel_29756\3138587451.py:3: SettingWithCopyWarning: 
A value is trying to be set on a copy of a slice from a DataFrame

See the caveats in the documentation: https://pandas.pydata.org/pandas-docs/stable/user_guide/indexing.html#returning-a-view-versus-a-copy
  special_data.new_index[0] = 1262563200

WARNING:py.warnings:C:\Users\Skiv2\AppData\Local\Temp\ipykernel_29756\3138587451.py:4: SettingWithCopyWarning: 
A value is trying to be set on a copy of a slice from a DataFrame

See the caveats in the documentation: https://pandas.pydata.org/pandas-docs/stable/user_guide/indexing.html#returning-a-view-versus-a-copy
  special_data.new_date[0] = datetime.datetime.fromtimestamp(special_data.new_index[0]).strftime('%Y-%m-%d %H:%M:%S')

WARNING:py.warnings:C:\Users\Skiv2\AppData\Local\Temp\ipykernel_29756\3138587451.py:7: SettingWithCopyWarning: 
A value is trying to be set on a copy of a slice from a DataFrame

See the caveats in the documentation: https://pandas.pydata.org/pandas-docs/stable/user_guide/indexing.html#returning-a-view-versus-a-copy
  special_data.new_index[i] = special_data.new_index[i - 1] + 86400

WARNING:py.warnings:C:\Users\Skiv2\AppData\Local\Temp\ipykernel_29756\3138587451.py:8: SettingWithCopyWarning: 
A value is trying to be set on a copy of a slice from a DataFrame

See the caveats in the documentation: https://pandas.pydata.org/pandas-docs/stable/user_guide/indexing.html#returning-a-view-versus-a-copy
  special_data.new_date[i] = datetime.datetime.fromtimestamp(special_data.new_index[i]).strftime('%Y-%m-%d %H:%M:%S')

WARNING:py.warnings:C:\Users\Skiv2\AppData\Roaming\Python\Python38\site-packages\statsmodels\graphics\tsaplots.py:348: FutureWarning: The default method 'yw' can produce PACF values outside of the [-1,1] interval. After 0.13, the default will change tounadjusted Yule-Walker ('ywm'). You can use this method now by setting method='ywm'.
  warnings.warn(

WARNING:py.warnings:C:\Users\Skiv2\AppData\Roaming\Python\Python38\site-packages\statsmodels\tsa\statespace\sarimax.py:966: UserWarning: Non-stationary starting autoregressive parameters found. Using zeros as starting parameters.
  warn('Non-stationary starting autoregressive parameters'

WARNING:py.warnings:C:\Users\Skiv2\AppData\Roaming\Python\Python38\site-packages\statsmodels\tsa\statespace\sarimax.py:978: UserWarning: Non-invertible starting MA parameters found. Using zeros as starting parameters.
  warn('Non-invertible starting MA parameters found.'

WARNING:py.warnings:C:\Users\Skiv2\AppData\Roaming\Python\Python38\site-packages\statsmodels\tsa\statespace\sarimax.py:966: UserWarning: Non-stationary starting autoregressive parameters found. Using zeros as starting parameters.
  warn('Non-stationary starting autoregressive parameters'

WARNING:py.warnings:C:\Users\Skiv2\AppData\Roaming\Python\Python38\site-packages\statsmodels\tsa\statespace\sarimax.py:978: UserWarning: Non-invertible starting MA parameters found. Using zeros as starting parameters.
  warn('Non-invertible starting MA parameters found.'

WARNING:py.warnings:C:\Users\Skiv2\AppData\Local\Temp\ipykernel_39572\2126971332.py:1: SettingWithCopyWarning: 
A value is trying to be set on a copy of a slice from a DataFrame.
Try using .loc[row_indexer,col_indexer] = value instead

See the caveats in the documentation: https://pandas.pydata.org/pandas-docs/stable/user_guide/indexing.html#returning-a-view-versus-a-copy
  special_data['new_index'] = special_data.Price

WARNING:py.warnings:C:\Users\Skiv2\AppData\Local\Temp\ipykernel_39572\2126971332.py:2: SettingWithCopyWarning: 
A value is trying to be set on a copy of a slice from a DataFrame.
Try using .loc[row_indexer,col_indexer] = value instead

See the caveats in the documentation: https://pandas.pydata.org/pandas-docs/stable/user_guide/indexing.html#returning-a-view-versus-a-copy
  special_data['new_date'] = special_data.Price

WARNING:py.warnings:C:\Users\Skiv2\AppData\Local\Temp\ipykernel_39572\3138587451.py:3: SettingWithCopyWarning: 
A value is trying to be set on a copy of a slice from a DataFrame

See the caveats in the documentation: https://pandas.pydata.org/pandas-docs/stable/user_guide/indexing.html#returning-a-view-versus-a-copy
  special_data.new_index[0] = 1262563200

WARNING:py.warnings:C:\Users\Skiv2\AppData\Local\Temp\ipykernel_39572\3138587451.py:4: SettingWithCopyWarning: 
A value is trying to be set on a copy of a slice from a DataFrame

See the caveats in the documentation: https://pandas.pydata.org/pandas-docs/stable/user_guide/indexing.html#returning-a-view-versus-a-copy
  special_data.new_date[0] = datetime.datetime.fromtimestamp(special_data.new_index[0]).strftime('%Y-%m-%d %H:%M:%S')

WARNING:py.warnings:C:\Users\Skiv2\AppData\Local\Temp\ipykernel_39572\3138587451.py:7: SettingWithCopyWarning: 
A value is trying to be set on a copy of a slice from a DataFrame

See the caveats in the documentation: https://pandas.pydata.org/pandas-docs/stable/user_guide/indexing.html#returning-a-view-versus-a-copy
  special_data.new_index[i] = special_data.new_index[i - 1] + 86400

WARNING:py.warnings:C:\Users\Skiv2\AppData\Local\Temp\ipykernel_39572\3138587451.py:8: SettingWithCopyWarning: 
A value is trying to be set on a copy of a slice from a DataFrame

See the caveats in the documentation: https://pandas.pydata.org/pandas-docs/stable/user_guide/indexing.html#returning-a-view-versus-a-copy
  special_data.new_date[i] = datetime.datetime.fromtimestamp(special_data.new_index[i]).strftime('%Y-%m-%d %H:%M:%S')

WARNING:py.warnings:C:\Users\Skiv2\AppData\Roaming\Python\Python38\site-packages\statsmodels\graphics\tsaplots.py:348: FutureWarning: The default method 'yw' can produce PACF values outside of the [-1,1] interval. After 0.13, the default will change tounadjusted Yule-Walker ('ywm'). You can use this method now by setting method='ywm'.
  warnings.warn(

WARNING:py.warnings:C:\Users\Skiv2\AppData\Roaming\Python\Python38\site-packages\statsmodels\tsa\statespace\sarimax.py:966: UserWarning: Non-stationary starting autoregressive parameters found. Using zeros as starting parameters.
  warn('Non-stationary starting autoregressive parameters'

WARNING:py.warnings:C:\Users\Skiv2\AppData\Roaming\Python\Python38\site-packages\statsmodels\tsa\statespace\sarimax.py:978: UserWarning: Non-invertible starting MA parameters found. Using zeros as starting parameters.
  warn('Non-invertible starting MA parameters found.'

WARNING:py.warnings:C:\Users\Skiv2\AppData\Roaming\Python\Python38\site-packages\statsmodels\base\model.py:604: ConvergenceWarning: Maximum Likelihood optimization failed to converge. Check mle_retvals
  warnings.warn("Maximum Likelihood optimization failed to "

WARNING:py.warnings:C:\Users\Skiv2\AppData\Roaming\Python\Python38\site-packages\statsmodels\tsa\statespace\sarimax.py:966: UserWarning: Non-stationary starting autoregressive parameters found. Using zeros as starting parameters.
  warn('Non-stationary starting autoregressive parameters'

WARNING:py.warnings:C:\Users\Skiv2\AppData\Roaming\Python\Python38\site-packages\statsmodels\tsa\statespace\sarimax.py:978: UserWarning: Non-invertible starting MA parameters found. Using zeros as starting parameters.
  warn('Non-invertible starting MA parameters found.'

WARNING:py.warnings:C:\Users\Skiv2\AppData\Roaming\Python\Python38\site-packages\statsmodels\tsa\statespace\sarimax.py:966: UserWarning: Non-stationary starting autoregressive parameters found. Using zeros as starting parameters.
  warn('Non-stationary starting autoregressive parameters'

WARNING:py.warnings:C:\Users\Skiv2\AppData\Roaming\Python\Python38\site-packages\statsmodels\tsa\statespace\sarimax.py:978: UserWarning: Non-invertible starting MA parameters found. Using zeros as starting parameters.
  warn('Non-invertible starting MA parameters found.'

WARNING:py.warnings:C:\Users\Skiv2\AppData\Roaming\Python\Python38\site-packages\statsmodels\tsa\statespace\sarimax.py:966: UserWarning: Non-stationary starting autoregressive parameters found. Using zeros as starting parameters.
  warn('Non-stationary starting autoregressive parameters'

WARNING:py.warnings:C:\Users\Skiv2\AppData\Roaming\Python\Python38\site-packages\statsmodels\tsa\statespace\sarimax.py:978: UserWarning: Non-invertible starting MA parameters found. Using zeros as starting parameters.
  warn('Non-invertible starting MA parameters found.'

WARNING:py.warnings:C:\Users\Skiv2\AppData\Local\Temp\ipykernel_39572\2126971332.py:1: SettingWithCopyWarning: 
A value is trying to be set on a copy of a slice from a DataFrame.
Try using .loc[row_indexer,col_indexer] = value instead

See the caveats in the documentation: https://pandas.pydata.org/pandas-docs/stable/user_guide/indexing.html#returning-a-view-versus-a-copy
  special_data['new_index'] = special_data.Price

WARNING:py.warnings:C:\Users\Skiv2\AppData\Local\Temp\ipykernel_39572\2126971332.py:2: SettingWithCopyWarning: 
A value is trying to be set on a copy of a slice from a DataFrame.
Try using .loc[row_indexer,col_indexer] = value instead

See the caveats in the documentation: https://pandas.pydata.org/pandas-docs/stable/user_guide/indexing.html#returning-a-view-versus-a-copy
  special_data['new_date'] = special_data.Price

WARNING:py.warnings:C:\Users\Skiv2\AppData\Local\Temp\ipykernel_39572\3138587451.py:3: SettingWithCopyWarning: 
A value is trying to be set on a copy of a slice from a DataFrame

See the caveats in the documentation: https://pandas.pydata.org/pandas-docs/stable/user_guide/indexing.html#returning-a-view-versus-a-copy
  special_data.new_index[0] = 1262563200

WARNING:py.warnings:C:\Users\Skiv2\AppData\Local\Temp\ipykernel_39572\3138587451.py:4: SettingWithCopyWarning: 
A value is trying to be set on a copy of a slice from a DataFrame

See the caveats in the documentation: https://pandas.pydata.org/pandas-docs/stable/user_guide/indexing.html#returning-a-view-versus-a-copy
  special_data.new_date[0] = datetime.datetime.fromtimestamp(special_data.new_index[0]).strftime('%Y-%m-%d %H:%M:%S')

WARNING:py.warnings:C:\Users\Skiv2\AppData\Local\Temp\ipykernel_39572\3138587451.py:7: SettingWithCopyWarning: 
A value is trying to be set on a copy of a slice from a DataFrame

See the caveats in the documentation: https://pandas.pydata.org/pandas-docs/stable/user_guide/indexing.html#returning-a-view-versus-a-copy
  special_data.new_index[i] = special_data.new_index[i - 1] + 86400

WARNING:py.warnings:C:\Users\Skiv2\AppData\Local\Temp\ipykernel_39572\3138587451.py:8: SettingWithCopyWarning: 
A value is trying to be set on a copy of a slice from a DataFrame

See the caveats in the documentation: https://pandas.pydata.org/pandas-docs/stable/user_guide/indexing.html#returning-a-view-versus-a-copy
  special_data.new_date[i] = datetime.datetime.fromtimestamp(special_data.new_index[i]).strftime('%Y-%m-%d %H:%M:%S')

WARNING:py.warnings:C:\Users\Skiv2\AppData\Roaming\Python\Python38\site-packages\statsmodels\tsa\statespace\sarimax.py:966: UserWarning: Non-stationary starting autoregressive parameters found. Using zeros as starting parameters.
  warn('Non-stationary starting autoregressive parameters'

WARNING:py.warnings:C:\Users\Skiv2\AppData\Roaming\Python\Python38\site-packages\statsmodels\tsa\statespace\sarimax.py:978: UserWarning: Non-invertible starting MA parameters found. Using zeros as starting parameters.
  warn('Non-invertible starting MA parameters found.'

WARNING:py.warnings:C:\Users\Skiv2\AppData\Roaming\Python\Python38\site-packages\statsmodels\base\model.py:604: ConvergenceWarning: Maximum Likelihood optimization failed to converge. Check mle_retvals
  warnings.warn("Maximum Likelihood optimization failed to "

WARNING:py.warnings:C:\Users\Skiv2\AppData\Roaming\Python\Python38\site-packages\statsmodels\tsa\statespace\sarimax.py:966: UserWarning: Non-stationary starting autoregressive parameters found. Using zeros as starting parameters.
  warn('Non-stationary starting autoregressive parameters'

WARNING:py.warnings:C:\Users\Skiv2\AppData\Roaming\Python\Python38\site-packages\statsmodels\tsa\statespace\sarimax.py:978: UserWarning: Non-invertible starting MA parameters found. Using zeros as starting parameters.
  warn('Non-invertible starting MA parameters found.'

WARNING:py.warnings:C:\Users\Skiv2\AppData\Roaming\Python\Python38\site-packages\statsmodels\tsa\statespace\sarimax.py:966: UserWarning: Non-stationary starting autoregressive parameters found. Using zeros as starting parameters.
  warn('Non-stationary starting autoregressive parameters'

WARNING:py.warnings:C:\Users\Skiv2\AppData\Roaming\Python\Python38\site-packages\statsmodels\tsa\statespace\sarimax.py:978: UserWarning: Non-invertible starting MA parameters found. Using zeros as starting parameters.
  warn('Non-invertible starting MA parameters found.'

WARNING:py.warnings:C:\Users\Skiv2\AppData\Roaming\Python\Python38\site-packages\statsmodels\tsa\statespace\sarimax.py:966: UserWarning: Non-stationary starting autoregressive parameters found. Using zeros as starting parameters.
  warn('Non-stationary starting autoregressive parameters'

WARNING:py.warnings:C:\Users\Skiv2\AppData\Roaming\Python\Python38\site-packages\statsmodels\tsa\statespace\sarimax.py:978: UserWarning: Non-invertible starting MA parameters found. Using zeros as starting parameters.
  warn('Non-invertible starting MA parameters found.'

WARNING:py.warnings:C:\Users\Skiv2\AppData\Roaming\Python\Python38\site-packages\statsmodels\tsa\statespace\sarimax.py:966: UserWarning: Non-stationary starting autoregressive parameters found. Using zeros as starting parameters.
  warn('Non-stationary starting autoregressive parameters'

WARNING:py.warnings:C:\Users\Skiv2\AppData\Roaming\Python\Python38\site-packages\statsmodels\tsa\statespace\sarimax.py:978: UserWarning: Non-invertible starting MA parameters found. Using zeros as starting parameters.
  warn('Non-invertible starting MA parameters found.'

WARNING:py.warnings:C:\Users\Skiv2\AppData\Roaming\Python\Python38\site-packages\statsmodels\tsa\statespace\sarimax.py:966: UserWarning: Non-stationary starting autoregressive parameters found. Using zeros as starting parameters.
  warn('Non-stationary starting autoregressive parameters'

WARNING:py.warnings:C:\Users\Skiv2\AppData\Roaming\Python\Python38\site-packages\statsmodels\tsa\statespace\sarimax.py:978: UserWarning: Non-invertible starting MA parameters found. Using zeros as starting parameters.
  warn('Non-invertible starting MA parameters found.'

WARNING:py.warnings:C:\Users\Skiv2\AppData\Roaming\Python\Python38\site-packages\statsmodels\tsa\statespace\sarimax.py:966: UserWarning: Non-stationary starting autoregressive parameters found. Using zeros as starting parameters.
  warn('Non-stationary starting autoregressive parameters'

WARNING:py.warnings:C:\Users\Skiv2\AppData\Roaming\Python\Python38\site-packages\statsmodels\tsa\statespace\sarimax.py:978: UserWarning: Non-invertible starting MA parameters found. Using zeros as starting parameters.
  warn('Non-invertible starting MA parameters found.'

WARNING:py.warnings:C:\Users\Skiv2\AppData\Roaming\Python\Python38\site-packages\statsmodels\tsa\statespace\sarimax.py:966: UserWarning: Non-stationary starting autoregressive parameters found. Using zeros as starting parameters.
  warn('Non-stationary starting autoregressive parameters'

WARNING:py.warnings:C:\Users\Skiv2\AppData\Roaming\Python\Python38\site-packages\statsmodels\tsa\statespace\sarimax.py:978: UserWarning: Non-invertible starting MA parameters found. Using zeros as starting parameters.
  warn('Non-invertible starting MA parameters found.'

WARNING:py.warnings:C:\Users\Skiv2\AppData\Roaming\Python\Python38\site-packages\statsmodels\tsa\statespace\sarimax.py:966: UserWarning: Non-stationary starting autoregressive parameters found. Using zeros as starting parameters.
  warn('Non-stationary starting autoregressive parameters'

WARNING:py.warnings:C:\Users\Skiv2\AppData\Roaming\Python\Python38\site-packages\statsmodels\tsa\statespace\sarimax.py:978: UserWarning: Non-invertible starting MA parameters found. Using zeros as starting parameters.
  warn('Non-invertible starting MA parameters found.'

WARNING:py.warnings:C:\Users\Skiv2\AppData\Roaming\Python\Python38\site-packages\statsmodels\tsa\statespace\sarimax.py:966: UserWarning: Non-stationary starting autoregressive parameters found. Using zeros as starting parameters.
  warn('Non-stationary starting autoregressive parameters'

WARNING:py.warnings:C:\Users\Skiv2\AppData\Roaming\Python\Python38\site-packages\statsmodels\tsa\statespace\sarimax.py:978: UserWarning: Non-invertible starting MA parameters found. Using zeros as starting parameters.
  warn('Non-invertible starting MA parameters found.'

WARNING:py.warnings:C:\Users\Skiv2\AppData\Roaming\Python\Python38\site-packages\statsmodels\graphics\tsaplots.py:348: FutureWarning: The default method 'yw' can produce PACF values outside of the [-1,1] interval. After 0.13, the default will change tounadjusted Yule-Walker ('ywm'). You can use this method now by setting method='ywm'.
  warnings.warn(

WARNING:py.warnings:C:\Users\Skiv2\AppData\Roaming\Python\Python38\site-packages\statsmodels\graphics\tsaplots.py:348: FutureWarning: The default method 'yw' can produce PACF values outside of the [-1,1] interval. After 0.13, the default will change tounadjusted Yule-Walker ('ywm'). You can use this method now by setting method='ywm'.
  warnings.warn(

WARNING:py.warnings:C:\Users\Skiv2\AppData\Local\Temp\ipykernel_39572\4088947758.py:2: SettingWithCopyWarning: 
A value is trying to be set on a copy of a slice from a DataFrame.
Try using .loc[row_indexer,col_indexer] = value instead

See the caveats in the documentation: https://pandas.pydata.org/pandas-docs/stable/user_guide/indexing.html#returning-a-view-versus-a-copy
  special_data['Price'] = special_data['Price'].diff()

WARNING:py.warnings:C:\Users\Skiv2\AppData\Roaming\Python\Python38\site-packages\statsmodels\graphics\tsaplots.py:348: FutureWarning: The default method 'yw' can produce PACF values outside of the [-1,1] interval. After 0.13, the default will change tounadjusted Yule-Walker ('ywm'). You can use this method now by setting method='ywm'.
  warnings.warn(

WARNING:py.warnings:C:\Users\Skiv2\AppData\Roaming\Python\Python38\site-packages\statsmodels\tsa\statespace\sarimax.py:978: UserWarning: Non-invertible starting MA parameters found. Using zeros as starting parameters.
  warn('Non-invertible starting MA parameters found.'

WARNING:py.warnings:C:\Users\Skiv2\AppData\Roaming\Python\Python38\site-packages\statsmodels\tsa\statespace\sarimax.py:966: UserWarning: Non-stationary starting autoregressive parameters found. Using zeros as starting parameters.
  warn('Non-stationary starting autoregressive parameters'

WARNING:py.warnings:C:\Users\Skiv2\AppData\Roaming\Python\Python38\site-packages\statsmodels\tsa\statespace\sarimax.py:978: UserWarning: Non-invertible starting MA parameters found. Using zeros as starting parameters.
  warn('Non-invertible starting MA parameters found.'

WARNING:py.warnings:C:\Users\Skiv2\AppData\Roaming\Python\Python38\site-packages\statsmodels\tsa\statespace\sarimax.py:966: UserWarning: Non-stationary starting autoregressive parameters found. Using zeros as starting parameters.
  warn('Non-stationary starting autoregressive parameters'

WARNING:py.warnings:C:\Users\Skiv2\AppData\Roaming\Python\Python38\site-packages\statsmodels\tsa\statespace\sarimax.py:966: UserWarning: Non-stationary starting autoregressive parameters found. Using zeros as starting parameters.
  warn('Non-stationary starting autoregressive parameters'

WARNING:py.warnings:C:\Users\Skiv2\AppData\Roaming\Python\Python38\site-packages\statsmodels\tsa\statespace\sarimax.py:978: UserWarning: Non-invertible starting MA parameters found. Using zeros as starting parameters.
  warn('Non-invertible starting MA parameters found.'

WARNING:py.warnings:C:\Users\Skiv2\AppData\Roaming\Python\Python38\site-packages\statsmodels\tsa\statespace\sarimax.py:966: UserWarning: Non-stationary starting autoregressive parameters found. Using zeros as starting parameters.
  warn('Non-stationary starting autoregressive parameters'

WARNING:py.warnings:C:\Users\Skiv2\AppData\Roaming\Python\Python38\site-packages\statsmodels\tsa\statespace\sarimax.py:966: UserWarning: Non-stationary starting autoregressive parameters found. Using zeros as starting parameters.
  warn('Non-stationary starting autoregressive parameters'

WARNING:py.warnings:C:\Users\Skiv2\AppData\Roaming\Python\Python38\site-packages\statsmodels\tsa\statespace\sarimax.py:978: UserWarning: Non-invertible starting MA parameters found. Using zeros as starting parameters.
  warn('Non-invertible starting MA parameters found.'

WARNING:py.warnings:C:\Users\Skiv2\AppData\Roaming\Python\Python38\site-packages\statsmodels\tsa\statespace\sarimax.py:966: UserWarning: Non-stationary starting autoregressive parameters found. Using zeros as starting parameters.
  warn('Non-stationary starting autoregressive parameters'

WARNING:py.warnings:C:\Users\Skiv2\AppData\Roaming\Python\Python38\site-packages\statsmodels\tsa\statespace\sarimax.py:966: UserWarning: Non-stationary starting autoregressive parameters found. Using zeros as starting parameters.
  warn('Non-stationary starting autoregressive parameters'

WARNING:py.warnings:C:\Users\Skiv2\AppData\Roaming\Python\Python38\site-packages\statsmodels\tsa\statespace\sarimax.py:978: UserWarning: Non-invertible starting MA parameters found. Using zeros as starting parameters.
  warn('Non-invertible starting MA parameters found.'

WARNING:py.warnings:C:\Users\Skiv2\AppData\Roaming\Python\Python38\site-packages\statsmodels\tsa\statespace\sarimax.py:966: UserWarning: Non-stationary starting autoregressive parameters found. Using zeros as starting parameters.
  warn('Non-stationary starting autoregressive parameters'

WARNING:py.warnings:C:\Users\Skiv2\AppData\Local\Temp\ipykernel_9936\2126971332.py:1: SettingWithCopyWarning: 
A value is trying to be set on a copy of a slice from a DataFrame.
Try using .loc[row_indexer,col_indexer] = value instead

See the caveats in the documentation: https://pandas.pydata.org/pandas-docs/stable/user_guide/indexing.html#returning-a-view-versus-a-copy
  special_data['new_index'] = special_data.Price

WARNING:py.warnings:C:\Users\Skiv2\AppData\Local\Temp\ipykernel_9936\2126971332.py:2: SettingWithCopyWarning: 
A value is trying to be set on a copy of a slice from a DataFrame.
Try using .loc[row_indexer,col_indexer] = value instead

See the caveats in the documentation: https://pandas.pydata.org/pandas-docs/stable/user_guide/indexing.html#returning-a-view-versus-a-copy
  special_data['new_date'] = special_data.Price

WARNING:py.warnings:C:\Users\Skiv2\AppData\Local\Temp\ipykernel_9936\3138587451.py:3: SettingWithCopyWarning: 
A value is trying to be set on a copy of a slice from a DataFrame

See the caveats in the documentation: https://pandas.pydata.org/pandas-docs/stable/user_guide/indexing.html#returning-a-view-versus-a-copy
  special_data.new_index[0] = 1262563200

WARNING:py.warnings:C:\Users\Skiv2\AppData\Local\Temp\ipykernel_9936\3138587451.py:4: SettingWithCopyWarning: 
A value is trying to be set on a copy of a slice from a DataFrame

See the caveats in the documentation: https://pandas.pydata.org/pandas-docs/stable/user_guide/indexing.html#returning-a-view-versus-a-copy
  special_data.new_date[0] = datetime.datetime.fromtimestamp(special_data.new_index[0]).strftime('%Y-%m-%d %H:%M:%S')

WARNING:py.warnings:C:\Users\Skiv2\AppData\Local\Temp\ipykernel_9936\3138587451.py:7: SettingWithCopyWarning: 
A value is trying to be set on a copy of a slice from a DataFrame

See the caveats in the documentation: https://pandas.pydata.org/pandas-docs/stable/user_guide/indexing.html#returning-a-view-versus-a-copy
  special_data.new_index[i] = special_data.new_index[i - 1] + 86400

WARNING:py.warnings:C:\Users\Skiv2\AppData\Local\Temp\ipykernel_9936\3138587451.py:8: SettingWithCopyWarning: 
A value is trying to be set on a copy of a slice from a DataFrame

See the caveats in the documentation: https://pandas.pydata.org/pandas-docs/stable/user_guide/indexing.html#returning-a-view-versus-a-copy
  special_data.new_date[i] = datetime.datetime.fromtimestamp(special_data.new_index[i]).strftime('%Y-%m-%d %H:%M:%S')

WARNING:py.warnings:C:\Users\Skiv2\AppData\Roaming\Python\Python38\site-packages\statsmodels\graphics\tsaplots.py:348: FutureWarning: The default method 'yw' can produce PACF values outside of the [-1,1] interval. After 0.13, the default will change tounadjusted Yule-Walker ('ywm'). You can use this method now by setting method='ywm'.
  warnings.warn(

WARNING:py.warnings:C:\Users\Skiv2\AppData\Local\Temp\ipykernel_9936\4088947758.py:2: SettingWithCopyWarning: 
A value is trying to be set on a copy of a slice from a DataFrame.
Try using .loc[row_indexer,col_indexer] = value instead

See the caveats in the documentation: https://pandas.pydata.org/pandas-docs/stable/user_guide/indexing.html#returning-a-view-versus-a-copy
  special_data['Price'] = special_data['Price'].diff()

WARNING:py.warnings:C:\Users\Skiv2\AppData\Roaming\Python\Python38\site-packages\statsmodels\graphics\tsaplots.py:348: FutureWarning: The default method 'yw' can produce PACF values outside of the [-1,1] interval. After 0.13, the default will change tounadjusted Yule-Walker ('ywm'). You can use this method now by setting method='ywm'.
  warnings.warn(

WARNING:py.warnings:C:\Users\Skiv2\AppData\Roaming\Python\Python38\site-packages\statsmodels\tsa\statespace\sarimax.py:978: UserWarning: Non-invertible starting MA parameters found. Using zeros as starting parameters.
  warn('Non-invertible starting MA parameters found.'

WARNING:py.warnings:C:\Users\Skiv2\AppData\Roaming\Python\Python38\site-packages\statsmodels\tsa\statespace\sarimax.py:966: UserWarning: Non-stationary starting autoregressive parameters found. Using zeros as starting parameters.
  warn('Non-stationary starting autoregressive parameters'

WARNING:py.warnings:C:\Users\Skiv2\AppData\Roaming\Python\Python38\site-packages\statsmodels\tsa\statespace\sarimax.py:978: UserWarning: Non-invertible starting MA parameters found. Using zeros as starting parameters.
  warn('Non-invertible starting MA parameters found.'

WARNING:py.warnings:C:\Users\Skiv2\AppData\Roaming\Python\Python38\site-packages\statsmodels\tsa\statespace\sarimax.py:966: UserWarning: Non-stationary starting autoregressive parameters found. Using zeros as starting parameters.
  warn('Non-stationary starting autoregressive parameters'

WARNING:py.warnings:C:\Users\Skiv2\AppData\Local\Temp\ipykernel_9936\3912467694.py:9: MatplotlibDeprecationWarning: Support for passing numbers through unit converters is deprecated since 3.5 and support will be removed two minor releases later; use Axis.convert_units instead.
  plt.plot(special_data['Price'], label = "real data")

WARNING:py.warnings:C:\Users\Skiv2\AppData\Local\Temp\ipykernel_9936\3912467694.py:9: MatplotlibDeprecationWarning: Support for passing numbers through unit converters is deprecated since 3.5 and support will be removed two minor releases later; use Axis.convert_units instead.
  plt.plot(special_data['Price'], label = "real data")

WARNING:py.warnings:C:\Users\Skiv2\AppData\Local\Temp\ipykernel_9936\3912467694.py:9: MatplotlibDeprecationWarning: Support for passing numbers through unit converters is deprecated since 3.5 and support will be removed two minor releases later; use Axis.convert_units instead.
  plt.plot(special_data['Price'], label = "real data")

WARNING:py.warnings:C:\Users\Skiv2\AppData\Local\Temp\ipykernel_9936\3912467694.py:9: MatplotlibDeprecationWarning: Support for passing numbers through unit converters is deprecated since 3.5 and support will be removed two minor releases later; use Axis.convert_units instead.
  plt.plot(special_data['Price'], label = "real data")

WARNING:py.warnings:C:\Users\Skiv2\AppData\Local\Temp\ipykernel_9936\3912467694.py:9: MatplotlibDeprecationWarning: Support for passing numbers through unit converters is deprecated since 3.5 and support will be removed two minor releases later; use Axis.convert_units instead.
  plt.plot(special_data['Price'], label = "real data")

WARNING:py.warnings:C:\Users\Skiv2\AppData\Local\Temp\ipykernel_9936\3912467694.py:9: MatplotlibDeprecationWarning: Support for passing numbers through unit converters is deprecated since 3.5 and support will be removed two minor releases later; use Axis.convert_units instead.
  plt.plot(special_data['Price'], label = "real data")

WARNING:py.warnings:C:\Users\Skiv2\AppData\Local\Temp\ipykernel_9936\3912467694.py:9: MatplotlibDeprecationWarning: Support for passing numbers through unit converters is deprecated since 3.5 and support will be removed two minor releases later; use Axis.convert_units instead.
  plt.plot(special_data['Price'], label = "real data")

WARNING:py.warnings:C:\Users\Skiv2\AppData\Local\Temp\ipykernel_9936\3912467694.py:9: MatplotlibDeprecationWarning: Support for passing numbers through unit converters is deprecated since 3.5 and support will be removed two minor releases later; use Axis.convert_units instead.
  plt.plot(special_data['Price'], label = "real data")

WARNING:py.warnings:C:\Users\Skiv2\AppData\Local\Temp\ipykernel_9936\2126971332.py:1: SettingWithCopyWarning: 
A value is trying to be set on a copy of a slice from a DataFrame.
Try using .loc[row_indexer,col_indexer] = value instead

See the caveats in the documentation: https://pandas.pydata.org/pandas-docs/stable/user_guide/indexing.html#returning-a-view-versus-a-copy
  special_data['new_index'] = special_data.Price

WARNING:py.warnings:C:\Users\Skiv2\AppData\Local\Temp\ipykernel_9936\2126971332.py:2: SettingWithCopyWarning: 
A value is trying to be set on a copy of a slice from a DataFrame.
Try using .loc[row_indexer,col_indexer] = value instead

See the caveats in the documentation: https://pandas.pydata.org/pandas-docs/stable/user_guide/indexing.html#returning-a-view-versus-a-copy
  special_data['new_date'] = special_data.Price

WARNING:py.warnings:C:\Users\Skiv2\AppData\Local\Temp\ipykernel_9936\3138587451.py:3: SettingWithCopyWarning: 
A value is trying to be set on a copy of a slice from a DataFrame

See the caveats in the documentation: https://pandas.pydata.org/pandas-docs/stable/user_guide/indexing.html#returning-a-view-versus-a-copy
  special_data.new_index[0] = 1262563200

WARNING:py.warnings:C:\Users\Skiv2\AppData\Local\Temp\ipykernel_9936\3138587451.py:4: SettingWithCopyWarning: 
A value is trying to be set on a copy of a slice from a DataFrame

See the caveats in the documentation: https://pandas.pydata.org/pandas-docs/stable/user_guide/indexing.html#returning-a-view-versus-a-copy
  special_data.new_date[0] = datetime.datetime.fromtimestamp(special_data.new_index[0]).strftime('%Y-%m-%d %H:%M:%S')

WARNING:py.warnings:C:\Users\Skiv2\AppData\Local\Temp\ipykernel_9936\3138587451.py:7: SettingWithCopyWarning: 
A value is trying to be set on a copy of a slice from a DataFrame

See the caveats in the documentation: https://pandas.pydata.org/pandas-docs/stable/user_guide/indexing.html#returning-a-view-versus-a-copy
  special_data.new_index[i] = special_data.new_index[i - 1] + 86400

WARNING:py.warnings:C:\Users\Skiv2\AppData\Local\Temp\ipykernel_9936\3138587451.py:8: SettingWithCopyWarning: 
A value is trying to be set on a copy of a slice from a DataFrame

See the caveats in the documentation: https://pandas.pydata.org/pandas-docs/stable/user_guide/indexing.html#returning-a-view-versus-a-copy
  special_data.new_date[i] = datetime.datetime.fromtimestamp(special_data.new_index[i]).strftime('%Y-%m-%d %H:%M:%S')

WARNING:py.warnings:C:\Users\Skiv2\AppData\Roaming\Python\Python38\site-packages\statsmodels\graphics\tsaplots.py:348: FutureWarning: The default method 'yw' can produce PACF values outside of the [-1,1] interval. After 0.13, the default will change tounadjusted Yule-Walker ('ywm'). You can use this method now by setting method='ywm'.
  warnings.warn(

WARNING:py.warnings:C:\Users\Skiv2\AppData\Roaming\Python\Python38\site-packages\statsmodels\graphics\tsaplots.py:348: FutureWarning: The default method 'yw' can produce PACF values outside of the [-1,1] interval. After 0.13, the default will change tounadjusted Yule-Walker ('ywm'). You can use this method now by setting method='ywm'.
  warnings.warn(

WARNING:py.warnings:C:\Users\Skiv2\AppData\Roaming\Python\Python38\site-packages\statsmodels\tsa\statespace\sarimax.py:978: UserWarning: Non-invertible starting MA parameters found. Using zeros as starting parameters.
  warn('Non-invertible starting MA parameters found.'

WARNING:py.warnings:C:\Users\Skiv2\AppData\Roaming\Python\Python38\site-packages\statsmodels\tsa\statespace\sarimax.py:966: UserWarning: Non-stationary starting autoregressive parameters found. Using zeros as starting parameters.
  warn('Non-stationary starting autoregressive parameters'

WARNING:py.warnings:C:\Users\Skiv2\AppData\Roaming\Python\Python38\site-packages\statsmodels\tsa\statespace\sarimax.py:978: UserWarning: Non-invertible starting MA parameters found. Using zeros as starting parameters.
  warn('Non-invertible starting MA parameters found.'

WARNING:py.warnings:C:\Users\Skiv2\AppData\Roaming\Python\Python38\site-packages\statsmodels\tsa\statespace\sarimax.py:966: UserWarning: Non-stationary starting autoregressive parameters found. Using zeros as starting parameters.
  warn('Non-stationary starting autoregressive parameters'

WARNING:py.warnings:C:\Users\Skiv2\AppData\Roaming\Python\Python38\site-packages\statsmodels\graphics\tsaplots.py:348: FutureWarning: The default method 'yw' can produce PACF values outside of the [-1,1] interval. After 0.13, the default will change tounadjusted Yule-Walker ('ywm'). You can use this method now by setting method='ywm'.
  warnings.warn(

WARNING:py.warnings:C:\Users\Skiv2\AppData\Roaming\Python\Python38\site-packages\statsmodels\tsa\statespace\sarimax.py:966: UserWarning: Non-stationary starting autoregressive parameters found. Using zeros as starting parameters.
  warn('Non-stationary starting autoregressive parameters'

WARNING:py.warnings:C:\Users\Skiv2\AppData\Roaming\Python\Python38\site-packages\statsmodels\tsa\statespace\sarimax.py:978: UserWarning: Non-invertible starting MA parameters found. Using zeros as starting parameters.
  warn('Non-invertible starting MA parameters found.'

WARNING:py.warnings:C:\Users\Skiv2\AppData\Roaming\Python\Python38\site-packages\statsmodels\base\model.py:604: ConvergenceWarning: Maximum Likelihood optimization failed to converge. Check mle_retvals
  warnings.warn("Maximum Likelihood optimization failed to "

WARNING:py.warnings:C:\Users\Skiv2\AppData\Roaming\Python\Python38\site-packages\statsmodels\tsa\statespace\sarimax.py:978: UserWarning: Non-invertible starting MA parameters found. Using zeros as starting parameters.
  warn('Non-invertible starting MA parameters found.'

WARNING:py.warnings:C:\Users\Skiv2\AppData\Roaming\Python\Python38\site-packages\statsmodels\tsa\statespace\sarimax.py:1009: UserWarning: Non-invertible starting seasonal moving average Using zeros as starting parameters.
  warn('Non-invertible starting seasonal moving average'

WARNING:py.warnings:C:\Users\Skiv2\AppData\Roaming\Python\Python38\site-packages\statsmodels\tsa\statespace\sarimax.py:1009: UserWarning: Non-invertible starting seasonal moving average Using zeros as starting parameters.
  warn('Non-invertible starting seasonal moving average'

WARNING:py.warnings:C:\Users\Skiv2\AppData\Roaming\Python\Python38\site-packages\statsmodels\base\model.py:604: ConvergenceWarning: Maximum Likelihood optimization failed to converge. Check mle_retvals
  warnings.warn("Maximum Likelihood optimization failed to "

WARNING:py.warnings:C:\Users\Skiv2\AppData\Roaming\Python\Python38\site-packages\statsmodels\tsa\statespace\sarimax.py:1009: UserWarning: Non-invertible starting seasonal moving average Using zeros as starting parameters.
  warn('Non-invertible starting seasonal moving average'

WARNING:py.warnings:C:\Users\Skiv2\AppData\Roaming\Python\Python38\site-packages\statsmodels\tsa\statespace\sarimax.py:1009: UserWarning: Non-invertible starting seasonal moving average Using zeros as starting parameters.
  warn('Non-invertible starting seasonal moving average'

WARNING:py.warnings:C:\Users\Skiv2\AppData\Roaming\Python\Python38\site-packages\statsmodels\base\model.py:604: ConvergenceWarning: Maximum Likelihood optimization failed to converge. Check mle_retvals
  warnings.warn("Maximum Likelihood optimization failed to "

WARNING:py.warnings:C:\Users\Skiv2\AppData\Roaming\Python\Python38\site-packages\statsmodels\tsa\statespace\sarimax.py:1009: UserWarning: Non-invertible starting seasonal moving average Using zeros as starting parameters.
  warn('Non-invertible starting seasonal moving average'

WARNING:py.warnings:C:\Users\Skiv2\AppData\Roaming\Python\Python38\site-packages\statsmodels\tsa\statespace\sarimax.py:1009: UserWarning: Non-invertible starting seasonal moving average Using zeros as starting parameters.
  warn('Non-invertible starting seasonal moving average'

WARNING:py.warnings:C:\Users\Skiv2\AppData\Roaming\Python\Python38\site-packages\statsmodels\graphics\tsaplots.py:348: FutureWarning: The default method 'yw' can produce PACF values outside of the [-1,1] interval. After 0.13, the default will change tounadjusted Yule-Walker ('ywm'). You can use this method now by setting method='ywm'.
  warnings.warn(

WARNING:py.warnings:C:\Users\Skiv2\AppData\Roaming\Python\Python38\site-packages\statsmodels\tsa\statespace\sarimax.py:978: UserWarning: Non-invertible starting MA parameters found. Using zeros as starting parameters.
  warn('Non-invertible starting MA parameters found.'

WARNING:py.warnings:C:\Users\Skiv2\AppData\Roaming\Python\Python38\site-packages\statsmodels\tsa\statespace\sarimax.py:966: UserWarning: Non-stationary starting autoregressive parameters found. Using zeros as starting parameters.
  warn('Non-stationary starting autoregressive parameters'

WARNING:py.warnings:C:\Users\Skiv2\AppData\Roaming\Python\Python38\site-packages\statsmodels\tsa\statespace\sarimax.py:978: UserWarning: Non-invertible starting MA parameters found. Using zeros as starting parameters.
  warn('Non-invertible starting MA parameters found.'

WARNING:py.warnings:C:\Users\Skiv2\AppData\Roaming\Python\Python38\site-packages\statsmodels\tsa\statespace\sarimax.py:966: UserWarning: Non-stationary starting autoregressive parameters found. Using zeros as starting parameters.
  warn('Non-stationary starting autoregressive parameters'

